{"/Users/n00bst3r/Documents/GitHub/Server_Side_Languages/app/controller/axiostest.js": {"path":"/Users/n00bst3r/Documents/GitHub/Server_Side_Languages/app/controller/axiostest.js","statementMap":{"0":{"start":{"line":1,"column":14},"end":{"line":1,"column":30}},"1":{"start":{"line":3,"column":16},"end":{"line":13,"column":1}},"2":{"start":{"line":4,"column":4},"end":{"line":12,"column":5}},"3":{"start":{"line":5,"column":25},"end":{"line":5,"column":84}},"4":{"start":{"line":6,"column":21},"end":{"line":6,"column":39}},"5":{"start":{"line":8,"column":8},"end":{"line":8,"column":20}},"6":{"start":{"line":10,"column":8},"end":{"line":10,"column":53}},"7":{"start":{"line":11,"column":8},"end":{"line":11,"column":20}},"8":{"start":{"line":16,"column":0},"end":{"line":16,"column":25}}},"fnMap":{"0":{"name":"(anonymous_0)","decl":{"start":{"line":3,"column":16},"end":{"line":3,"column":17}},"loc":{"start":{"line":3,"column":28},"end":{"line":13,"column":1}},"line":3}},"branchMap":{},"s":{"0":1,"1":1,"2":2,"3":2,"4":2,"5":2,"6":0,"7":0,"8":1},"f":{"0":2},"b":{},"_coverageSchema":"1a1c01bbd47fc00a2c39e90264f33305004495a9","hash":"b359ea72d95b28f246d6bef74e1090901c73a95d"}
}
