{"/Users/n00bst3r/Documents/GitHub/Server_Side_Languages_New/Untitled/app/controller/Jest-Tests/get/axiosGet.js": {"path":"/Users/n00bst3r/Documents/GitHub/Server_Side_Languages_New/Untitled/app/controller/Jest-Tests/get/axiosGet.js","statementMap":{"0":{"start":{"line":1,"column":14},"end":{"line":1,"column":30}},"1":{"start":{"line":3,"column":16},"end":{"line":13,"column":1}},"2":{"start":{"line":4,"column":4},"end":{"line":12,"column":5}},"3":{"start":{"line":5,"column":25},"end":{"line":5,"column":84}},"4":{"start":{"line":6,"column":21},"end":{"line":6,"column":39}},"5":{"start":{"line":8,"column":8},"end":{"line":8,"column":20}},"6":{"start":{"line":10,"column":8},"end":{"line":10,"column":53}},"7":{"start":{"line":11,"column":8},"end":{"line":11,"column":20}},"8":{"start":{"line":16,"column":0},"end":{"line":16,"column":25}}},"fnMap":{"0":{"name":"(anonymous_0)","decl":{"start":{"line":3,"column":16},"end":{"line":3,"column":17}},"loc":{"start":{"line":3,"column":28},"end":{"line":13,"column":1}},"line":3}},"branchMap":{},"s":{"0":1,"1":1,"2":3,"3":3,"4":0,"5":0,"6":3,"7":3,"8":1},"f":{"0":3},"b":{},"_coverageSchema":"1a1c01bbd47fc00a2c39e90264f33305004495a9","hash":"515ffa70801bb58b3ed2f893c3fcd31ac89dd1ce"}
,"/Users/n00bst3r/Documents/GitHub/Server_Side_Languages_New/Untitled/app/controller/Jest-Tests/query/axiosQuery.js": {"path":"/Users/n00bst3r/Documents/GitHub/Server_Side_Languages_New/Untitled/app/controller/Jest-Tests/query/axiosQuery.js","statementMap":{"0":{"start":{"line":1,"column":14},"end":{"line":1,"column":30}},"1":{"start":{"line":2,"column":0},"end":{"line":2,"column":27}},"2":{"start":{"line":4,"column":27},"end":{"line":13,"column":1}},"3":{"start":{"line":5,"column":4},"end":{"line":12,"column":5}},"4":{"start":{"line":7,"column":25},"end":{"line":7,"column":107}},"5":{"start":{"line":8,"column":8},"end":{"line":8,"column":34}},"6":{"start":{"line":10,"column":8},"end":{"line":10,"column":53}},"7":{"start":{"line":11,"column":8},"end":{"line":11,"column":20}},"8":{"start":{"line":15,"column":27},"end":{"line":23,"column":1}},"9":{"start":{"line":16,"column":4},"end":{"line":22,"column":5}},"10":{"start":{"line":17,"column":25},"end":{"line":17,"column":101}},"11":{"start":{"line":18,"column":8},"end":{"line":18,"column":34}},"12":{"start":{"line":20,"column":8},"end":{"line":20,"column":53}},"13":{"start":{"line":21,"column":8},"end":{"line":21,"column":20}},"14":{"start":{"line":25,"column":29},"end":{"line":39,"column":1}},"15":{"start":{"line":26,"column":4},"end":{"line":38,"column":5}},"16":{"start":{"line":27,"column":25},"end":{"line":27,"column":107}},"17":{"start":{"line":29,"column":8},"end":{"line":29,"column":33}},"18":{"start":{"line":32,"column":8},"end":{"line":32,"column":29}},"19":{"start":{"line":34,"column":8},"end":{"line":34,"column":34}},"20":{"start":{"line":36,"column":8},"end":{"line":36,"column":53}},"21":{"start":{"line":37,"column":8},"end":{"line":37,"column":20}},"22":{"start":{"line":40,"column":0},"end":{"line":44,"column":2}}},"fnMap":{"0":{"name":"(anonymous_0)","decl":{"start":{"line":4,"column":27},"end":{"line":4,"column":28}},"loc":{"start":{"line":4,"column":39},"end":{"line":13,"column":1}},"line":4},"1":{"name":"(anonymous_1)","decl":{"start":{"line":15,"column":27},"end":{"line":15,"column":28}},"loc":{"start":{"line":15,"column":39},"end":{"line":23,"column":1}},"line":15},"2":{"name":"(anonymous_2)","decl":{"start":{"line":25,"column":29},"end":{"line":25,"column":30}},"loc":{"start":{"line":25,"column":41},"end":{"line":39,"column":1}},"line":25}},"branchMap":{},"s":{"0":1,"1":1,"2":1,"3":1,"4":1,"5":0,"6":1,"7":1,"8":1,"9":1,"10":1,"11":0,"12":1,"13":1,"14":1,"15":1,"16":1,"17":0,"18":0,"19":0,"20":1,"21":1,"22":1},"f":{"0":1,"1":1,"2":1},"b":{},"_coverageSchema":"1a1c01bbd47fc00a2c39e90264f33305004495a9","hash":"43b29a97735ac69aaac5783a674c14784e3d5e5e"}
,"/Users/n00bst3r/Documents/GitHub/Server_Side_Languages_New/Untitled/app/misc/jestingAgain/math.js": {"path":"/Users/n00bst3r/Documents/GitHub/Server_Side_Languages_New/Untitled/app/misc/jestingAgain/math.js","statementMap":{"0":{"start":{"line":4,"column":12},"end":{"line":4,"column":59}},"1":{"start":{"line":4,"column":32},"end":{"line":4,"column":59}},"2":{"start":{"line":7,"column":13},"end":{"line":7,"column":60}},"3":{"start":{"line":7,"column":33},"end":{"line":7,"column":60}},"4":{"start":{"line":10,"column":13},"end":{"line":10,"column":60}},"5":{"start":{"line":10,"column":33},"end":{"line":10,"column":60}},"6":{"start":{"line":13,"column":12},"end":{"line":13,"column":72}},"7":{"start":{"line":13,"column":32},"end":{"line":13,"column":72}},"8":{"start":{"line":17,"column":13},"end":{"line":17,"column":59}},"9":{"start":{"line":17,"column":22},"end":{"line":17,"column":59}},"10":{"start":{"line":21,"column":12},"end":{"line":21,"column":79}},"11":{"start":{"line":21,"column":32},"end":{"line":21,"column":79}},"12":{"start":{"line":24,"column":0},"end":{"line":31,"column":2}}},"fnMap":{"0":{"name":"(anonymous_0)","decl":{"start":{"line":4,"column":12},"end":{"line":4,"column":13}},"loc":{"start":{"line":4,"column":32},"end":{"line":4,"column":59}},"line":4},"1":{"name":"(anonymous_1)","decl":{"start":{"line":7,"column":13},"end":{"line":7,"column":14}},"loc":{"start":{"line":7,"column":33},"end":{"line":7,"column":60}},"line":7},"2":{"name":"(anonymous_2)","decl":{"start":{"line":10,"column":13},"end":{"line":10,"column":14}},"loc":{"start":{"line":10,"column":33},"end":{"line":10,"column":60}},"line":10},"3":{"name":"(anonymous_3)","decl":{"start":{"line":13,"column":12},"end":{"line":13,"column":13}},"loc":{"start":{"line":13,"column":32},"end":{"line":13,"column":72}},"line":13},"4":{"name":"(anonymous_4)","decl":{"start":{"line":17,"column":13},"end":{"line":17,"column":14}},"loc":{"start":{"line":17,"column":22},"end":{"line":17,"column":59}},"line":17},"5":{"name":"(anonymous_5)","decl":{"start":{"line":21,"column":12},"end":{"line":21,"column":13}},"loc":{"start":{"line":21,"column":32},"end":{"line":21,"column":79}},"line":21}},"branchMap":{},"s":{"0":1,"1":2,"2":1,"3":0,"4":1,"5":0,"6":1,"7":0,"8":1,"9":0,"10":1,"11":0,"12":1},"f":{"0":2,"1":0,"2":0,"3":0,"4":0,"5":0},"b":{},"_coverageSchema":"1a1c01bbd47fc00a2c39e90264f33305004495a9","hash":"a5e95094ebc7faff8c6dd64d4eacf38b6f502cf7"}
}
