TN:
SF:app/controller/pokedexController.js
FN:8,(anonymous_0)
FN:48,(anonymous_1)
FN:83,(anonymous_2)
FN:124,(anonymous_3)
FN:159,(anonymous_4)
FN:194,(anonymous_5)
FN:241,(anonymous_6)
FN:276,(anonymous_7)
FN:304,(anonymous_8)
FN:339,(anonymous_9)
FN:346,(anonymous_10)
FN:363,(anonymous_11)
FN:376,(anonymous_12)
FNF:13
FNH:0
FNDA:0,(anonymous_0)
FNDA:0,(anonymous_1)
FNDA:0,(anonymous_2)
FNDA:0,(anonymous_3)
FNDA:0,(anonymous_4)
FNDA:0,(anonymous_5)
FNDA:0,(anonymous_6)
FNDA:0,(anonymous_7)
FNDA:0,(anonymous_8)
FNDA:0,(anonymous_9)
FNDA:0,(anonymous_10)
FNDA:0,(anonymous_11)
FNDA:0,(anonymous_12)
DA:1,1
DA:2,1
DA:5,1
DA:8,1
DA:9,0
DA:11,0
DA:12,0
DA:13,0
DA:25,0
DA:27,0
DA:34,0
DA:48,1
DA:49,0
DA:52,0
DA:53,0
DA:54,0
DA:58,0
DA:60,0
DA:61,0
DA:62,0
DA:66,0
DA:68,0
DA:74,0
DA:75,0
DA:83,1
DA:84,0
DA:87,0
DA:89,0
DA:90,0
DA:96,0
DA:97,0
DA:102,0
DA:103,0
DA:109,0
DA:115,0
DA:116,0
DA:124,1
DA:125,0
DA:128,0
DA:129,0
DA:130,0
DA:135,0
DA:136,0
DA:139,0
DA:140,0
DA:145,0
DA:151,0
DA:159,1
DA:160,0
DA:163,0
DA:164,0
DA:165,0
DA:169,0
DA:171,0
DA:172,0
DA:173,0
DA:177,0
DA:179,0
DA:185,0
DA:186,0
DA:194,1
DA:195,0
DA:206,0
DA:208,0
DA:209,0
DA:215,0
DA:227,0
DA:233,0
DA:241,1
DA:242,0
DA:245,0
DA:246,0
DA:247,0
DA:251,0
DA:253,0
DA:256,0
DA:257,0
DA:261,0
DA:263,0
DA:269,0
DA:276,1
DA:277,0
DA:279,0
DA:281,0
DA:282,0
DA:286,0
DA:289,0
DA:290,0
DA:296,0
DA:304,1
DA:305,0
DA:307,0
DA:309,0
DA:310,0
DA:314,0
DA:318,0
DA:320,0
DA:321,0
DA:326,0
DA:332,0
DA:339,1
DA:340,0
DA:341,0
DA:343,0
DA:346,0
DA:350,0
DA:351,0
DA:357,0
DA:363,1
DA:364,0
DA:365,0
DA:367,0
DA:368,0
DA:373,0
DA:374,0
DA:376,0
DA:378,0
DA:379,0
DA:381,0
DA:383,0
DA:384,0
DA:385,0
DA:388,0
DA:389,0
DA:390,0
DA:391,0
DA:394,0
DA:395,0
DA:396,0
DA:397,0
DA:398,0
DA:399,0
DA:401,0
DA:402,0
DA:404,0
DA:412,0
DA:419,1
LF:137
LH:15
BRDA:12,0,0,0
BRDA:12,0,1,0
BRDA:53,1,0,0
BRDA:53,1,1,0
BRDA:61,2,0,0
BRDA:61,2,1,0
BRDA:89,3,0,0
BRDA:89,3,1,0
BRDA:102,4,0,0
BRDA:102,4,1,0
BRDA:102,5,0,0
BRDA:102,5,1,0
BRDA:129,6,0,0
BRDA:129,6,1,0
BRDA:129,7,0,0
BRDA:129,7,1,0
BRDA:139,8,0,0
BRDA:139,8,1,0
BRDA:164,9,0,0
BRDA:164,9,1,0
BRDA:172,10,0,0
BRDA:172,10,1,0
BRDA:208,11,0,0
BRDA:208,11,1,0
BRDA:208,12,0,0
BRDA:208,12,1,0
BRDA:208,12,2,0
BRDA:208,12,3,0
BRDA:208,12,4,0
BRDA:208,12,5,0
BRDA:246,13,0,0
BRDA:246,13,1,0
BRDA:256,14,0,0
BRDA:256,14,1,0
BRDA:281,15,0,0
BRDA:281,15,1,0
BRDA:281,16,0,0
BRDA:281,16,1,0
BRDA:309,17,0,0
BRDA:309,17,1,0
BRDA:309,18,0,0
BRDA:309,18,1,0
BRDA:320,19,0,0
BRDA:320,19,1,0
BRDA:367,20,0,0
BRDA:367,20,1,0
BRDA:383,21,0,0
BRDA:383,21,1,0
BRDA:388,22,0,0
BRDA:388,22,1,0
BRDA:394,23,0,0
BRDA:394,23,1,0
BRDA:396,24,0,0
BRDA:396,24,1,0
BRDA:397,25,0,0
BRDA:397,25,1,0
BRF:56
BRH:0
end_of_record
TN:
SF:app/misc/jestingAgain/math.js
FN:4,(anonymous_0)
FN:7,(anonymous_1)
FN:10,(anonymous_2)
FN:13,(anonymous_3)
FN:17,(anonymous_4)
FN:21,(anonymous_5)
FNF:6
FNH:1
FNDA:2,(anonymous_0)
FNDA:0,(anonymous_1)
FNDA:0,(anonymous_2)
FNDA:0,(anonymous_3)
FNDA:0,(anonymous_4)
FNDA:0,(anonymous_5)
DA:4,2
DA:7,1
DA:10,1
DA:13,1
DA:17,1
DA:21,1
DA:24,1
LF:7
LH:7
BRF:0
BRH:0
end_of_record
