TN:
SF:app/controller/Jest-Tests/get/axiosGet.js
FN:3,(anonymous_0)
FNF:1
FNH:1
FNDA:3,(anonymous_0)
DA:1,1
DA:3,1
DA:4,3
DA:5,3
DA:6,0
DA:8,0
DA:10,3
DA:11,3
DA:16,1
LF:9
LH:7
BRF:0
BRH:0
end_of_record
TN:
SF:app/controller/Jest-Tests/query/axiosQuery.js
FN:4,(anonymous_0)
FN:15,(anonymous_1)
FN:25,(anonymous_2)
FNF:3
FNH:3
FNDA:1,(anonymous_0)
FNDA:1,(anonymous_1)
FNDA:1,(anonymous_2)
DA:1,1
DA:2,1
DA:4,1
DA:5,1
DA:7,1
DA:8,0
DA:10,1
DA:11,1
DA:15,1
DA:16,1
DA:17,1
DA:18,0
DA:20,1
DA:21,1
DA:25,1
DA:26,1
DA:27,1
DA:29,0
DA:32,0
DA:34,0
DA:36,1
DA:37,1
DA:40,1
LF:23
LH:18
BRF:0
BRH:0
end_of_record
TN:
SF:app/misc/jestingAgain/math.js
FN:4,(anonymous_0)
FN:7,(anonymous_1)
FN:10,(anonymous_2)
FN:13,(anonymous_3)
FN:17,(anonymous_4)
FN:21,(anonymous_5)
FNF:6
FNH:1
FNDA:2,(anonymous_0)
FNDA:0,(anonymous_1)
FNDA:0,(anonymous_2)
FNDA:0,(anonymous_3)
FNDA:0,(anonymous_4)
FNDA:0,(anonymous_5)
DA:4,2
DA:7,1
DA:10,1
DA:13,1
DA:17,1
DA:21,1
DA:24,1
LF:7
LH:7
BRF:0
BRH:0
end_of_record
